15:45:36 INFO  : Registering command handlers for SDK TCF services
15:45:37 INFO  : Launching XSCT server: xsct.bat -interactive V:\software\m3_for_arty_a7\sdk_workspace\temp_xsdb_launch_script.tcl
15:45:40 INFO  : XSCT server has started successfully.
15:45:43 INFO  : Successfully done setting XSCT server connection channel  
15:45:43 INFO  : Restoring global repository preferences: 
		 V:\vivado\Arm_sw_repository
15:45:43 INFO  : Successfully done setting SDK workspace  
15:45:43 INFO  : Processing command line option -hwspec V:/software/m3_for_arty_a7_wrapper.hdf.
16:02:23 INFO  : Launching XSCT server: xsct.bat -interactive V:\software\m3_for_arty_a7\sdk_workspace\temp_xsdb_launch_script.tcl
16:02:25 INFO  : XSCT server has started successfully.
16:02:25 INFO  : Successfully done setting XSCT server connection channel  
16:02:27 INFO  : Successfully done setting SDK workspace  
16:02:29 INFO  : Registering command handlers for SDK TCF services
16:02:30 INFO  : Restoring global repository preferences: 
		 V:\vivado\Arm_sw_repository
16:02:30 INFO  : Processing command line option -hwspec V:/software/m3_for_arty_a7_wrapper.hdf.
16:02:30 INFO  : Checking for hwspec changes in the project m3_for_arty_a7_wrapper_hw_platform_0.
16:06:05 INFO  : Launching XSCT server: xsct.bat -interactive V:\software\m3_for_arty_a7\sdk_workspace\temp_xsdb_launch_script.tcl
16:06:07 INFO  : XSCT server has started successfully.
16:06:09 INFO  : Successfully done setting XSCT server connection channel  
16:06:09 INFO  : Successfully done setting SDK workspace  
16:06:11 INFO  : Registering command handlers for SDK TCF services
16:06:12 INFO  : Restoring global repository preferences: 
		 V:\vivado\Arm_sw_repository
16:06:12 INFO  : Processing command line option -hwspec V:/software/m3_for_arty_a7_wrapper.hdf.
16:06:12 INFO  : Checking for hwspec changes in the project m3_for_arty_a7_wrapper_hw_platform_0.
14:53:37 INFO  : Launching XSCT server: xsct.bat -interactive V:\software\m3_for_arty_a7\sdk_workspace\temp_xsdb_launch_script.tcl
14:53:40 INFO  : XSCT server has started successfully.
14:53:40 INFO  : Successfully done setting XSCT server connection channel  
14:53:43 INFO  : Successfully done setting SDK workspace  
14:53:43 INFO  : Restoring global repository preferences: 
		 V:\vivado\Arm_sw_repository
14:53:48 INFO  : Registering command handlers for SDK TCF services
14:53:48 INFO  : Processing command line option -hwspec V:/software/m3_for_arty_a7_wrapper.hdf.
14:53:48 INFO  : Checking for hwspec changes in the project m3_for_arty_a7_wrapper_hw_platform_0.
